ERROR:root:compress-image\images_clone\1036425/GTM7X883LZ.png
ERROR:root:compress-image\images_clone\1036425 - Kopya/GTM7X883LZ.png
ERROR:root:compress-image\images_clone\1036425 - Kopya (2)/GTM7X883LZ.png
ERROR:root:compress-image\images_clone\1036425 - Kopya - Kopya/GTM7X883LZ.png
ERROR:root:compress-image\images_clone\1039946/203NVWT13.png
ERROR:root:compress-image\images_clone\1039946 - Kopya/203NVWT13.png
ERROR:root:compress-image\images_clone\1039946 - Kopya (2)/203NVWT13.png
ERROR:root:compress-image\images_clone\1039946 - Kopya - Kopya/203NVWT13.png
ERROR:root:compress-image\images_clone\1040116 - Kopya (2)/CWMIM5ITE.jpg
ERROR:root:compress-image\images_clone\1036425/GTM7X883LZ.png
ERROR:root:compress-image\images_clone\1036425 - Kopya/GTM7X883LZ.png
ERROR:root:compress-image\images_clone\1036425 - Kopya (2)/GTM7X883LZ.png
ERROR:root:compress-image\images_clone\1036425 - Kopya - Kopya/GTM7X883LZ.png
ERROR:root:compress-image\images_clone\1039946/203NVWT13.png
ERROR:root:compress-image\images_clone\1039946 - Kopya/203NVWT13.png
ERROR:root:compress-image\images_clone\1039946 - Kopya (2)/203NVWT13.png
ERROR:root:compress-image\images_clone\1039946 - Kopya - Kopya/203NVWT13.png
ERROR:root:compress-image\images_clone\1036425/GTM7X883LZ.png
ERROR:root:compress-image\images_clone\1036425 - Kopya/GTM7X883LZ.png
ERROR:root:compress-image\images_clone\1036425 - Kopya (2)/GTM7X883LZ.png
ERROR:root:compress-image\images_clone\1036425 - Kopya - Kopya/GTM7X883LZ.png
ERROR:root:compress-image\images_clone\1039946/203NVWT13.png
ERROR:root:compress-image\images_clone\1039946 - Kopya/203NVWT13.png
ERROR:root:compress-image\images_clone\1039946 - Kopya (2)/203NVWT13.png
ERROR:root:compress-image\images_clone\1039946 - Kopya - Kopya/203NVWT13.png
ERROR:root:compress-image\images_clone\1036425/GTM7X883LZ.png
ERROR:root:compress-image\images_clone\1036425 - Kopya/GTM7X883LZ.png
ERROR:root:compress-image\images_clone\1036425 - Kopya (2)/GTM7X883LZ.png
ERROR:root:compress-image\images_clone\1036425 - Kopya - Kopya/GTM7X883LZ.png
ERROR:root:compress-image\images_clone\1039946/203NVWT13.png
ERROR:root:compress-image\images_clone\1039946 - Kopya/203NVWT13.png
ERROR:root:compress-image\images_clone\1039946 - Kopya (2)/203NVWT13.png
ERROR:root:compress-image\images_clone\1039946 - Kopya - Kopya/203NVWT13.png
ERROR:root:compress-image\images_clone\1036425/GTM7X883LZ.png
ERROR:root:compress-image\images_clone\1036425 - Kopya/GTM7X883LZ.png
ERROR:root:compress-image\images_clone\1036425 - Kopya (2)/GTM7X883LZ.png
ERROR:root:compress-image\images_clone\1036425 - Kopya - Kopya/GTM7X883LZ.png
ERROR:root:compress-image\images_clone\1039946/203NVWT13.png
ERROR:root:compress-image\images_clone\1039946 - Kopya/203NVWT13.png
ERROR:root:compress-image\images_clone\1039946 - Kopya (2)/203NVWT13.png
ERROR:root:compress-image\images_clone\1039946 - Kopya - Kopya/203NVWT13.png
ERROR:root:compress-image\images_clone\1036425/GTM7X883LZ.png
ERROR:root:compress-image\images_clone\1036425 - Kopya/GTM7X883LZ.png
ERROR:root:compress-image\images_clone\1036425 - Kopya (2)/GTM7X883LZ.png
ERROR:root:compress-image\images_clone\1036425 - Kopya - Kopya/GTM7X883LZ.png
ERROR:root:compress-image\images_clone\1039946/203NVWT13.png
ERROR:root:compress-image\images_clone\1039946 - Kopya/203NVWT13.png
ERROR:root:compress-image\images_clone\1039946 - Kopya (2)/203NVWT13.png
ERROR:root:compress-image\images_clone\1039946 - Kopya - Kopya/203NVWT13.png
ERROR:root:compress-image\images_clone\1036425/GTM7X883LZ.png
ERROR:root:compress-image\images_clone\1036425 - Kopya/GTM7X883LZ.png
ERROR:root:compress-image\images_clone\1036425 - Kopya (2)/GTM7X883LZ.png
ERROR:root:compress-image\images_clone\1036425 - Kopya - Kopya/GTM7X883LZ.png
ERROR:root:compress-image\images_clone\1039946/203NVWT13.png
ERROR:root:compress-image\images_clone\1039946 - Kopya/203NVWT13.png
ERROR:root:compress-image\images_clone\1039946 - Kopya (2)/203NVWT13.png
ERROR:root:compress-image\images_clone\1039946 - Kopya - Kopya/203NVWT13.png
ERROR:root:compress-image\images_clone\1036425/GTM7X883LZ.png
ERROR:root:compress-image\images_clone\1036425 - Kopya/GTM7X883LZ.png
ERROR:root:compress-image\images_clone\1036425 - Kopya (2)/GTM7X883LZ.png
ERROR:root:compress-image\images_clone\1036425 - Kopya - Kopya/GTM7X883LZ.png
ERROR:root:compress-image\images_clone\1039946/203NVWT13.png
ERROR:root:compress-image\images_clone\1039946 - Kopya/203NVWT13.png
ERROR:root:compress-image\images_clone\1039946 - Kopya (2)/203NVWT13.png
ERROR:root:compress-image\images_clone\1039946 - Kopya - Kopya/203NVWT13.png
ERROR:root:compress-image\images_clone\1036425/GTM7X883LZ.png
ERROR:root:compress-image\images_clone\1036425 - Kopya/GTM7X883LZ.png
ERROR:root:compress-image\images_clone\1036425 - Kopya (2)/GTM7X883LZ.png
ERROR:root:compress-image\images_clone\1036425 - Kopya - Kopya/GTM7X883LZ.png
ERROR:root:compress-image\images_clone\1039946/203NVWT13.png
ERROR:root:compress-image\images_clone\1039946 - Kopya/203NVWT13.png
ERROR:root:compress-image\images_clone\1039946 - Kopya (2)/203NVWT13.png
ERROR:root:compress-image\images_clone\1039946 - Kopya - Kopya/203NVWT13.png
